<html>
<head>
<title>TestNG:  Default test</title>
<link href="../testng.css" rel="stylesheet" type="text/css" />
<link href="../my-testng.css" rel="stylesheet" type="text/css" />

<style type="text/css">
.log { display: none;} 
.stack-trace { display: none;} 
</style>
<script type="text/javascript">
<!--
function flip(e) {
  current = e.style.display;
  if (current == 'block') {
    e.style.display = 'none';
    return 0;
  }
  else {
    e.style.display = 'block';
    return 1;
  }
}

function toggleBox(szDivId, elem, msg1, msg2)
{
  var res = -1;  if (document.getElementById) {
    res = flip(document.getElementById(szDivId));
  }
  else if (document.all) {
    // this is the way old msie versions work
    res = flip(document.all[szDivId]);
  }
  if(elem) {
    if(res == 0) elem.innerHTML = msg1; else elem.innerHTML = msg2;
  }

}

function toggleAllBoxes() {
  if (document.getElementsByTagName) {
    d = document.getElementsByTagName('div');
    for (i = 0; i < d.length; i++) {
      if (d[i].className == 'log') {
        flip(d[i]);
      }
    }
  }
}

// -->
</script>

</head>
<body>
<h2 align='center'>Default test</h2><table border='1' align="center">
<tr>
<td>Tests passed/Failed/Skipped:</td><td>7/4/0</td>
</tr><tr>
<td>Started on:</td><td>Thu Dec 14 07:56:08 IST 2023</td>
</tr>
<tr><td>Total time:</td><td>449 seconds (449911 ms)</td>
</tr><tr>
<td>Included groups:</td><td></td>
</tr><tr>
<td>Excluded groups:</td><td></td>
</tr>
</table><p/>
<small><i>(Hover the method name to see the test class name)</i></small><p/>
<table width='100%' border='1' class='invocation-failed'>
<tr><td colspan='4' align='center'><b>FAILED TESTS</b></td></tr>
<tr><td><b>Test method</b></td>
<td width="30%"><b>Exception</b></td>
<td width="10%"><b>Time (seconds)</b></td>
<td><b>Instance</b></td>
</tr>
<tr>
<td title='com.ecommerce.qa.runners.TestNGRunner.runScenario()'><b>runScenario</b><br>Test class: com.ecommerce.qa.runners.TestNGRunner<br>Test method: Runs Cucumber Scenarios<br>Parameters: "To test the SignUp functionality with Invalid data", "Signup functionality"</td>
<td><div><pre>java.lang.AssertionError: The following asserts failed:
	Signout is not present
	at org.testng.asserts.SoftAssert.assertAll(SoftAssert.java:47)
	at org.testng.asserts.SoftAssert.assertAll(SoftAssert.java:31)
	at com.ecommerce.qa.steps.SignUpSteps.user_try_to_click_on_create_account(SignUpSteps.java:112)
	at ✽.User try to click on create account(file:///C:/Users/karth/eclipse-workspace/RLLFinal6/src/test/java/com/ecommerce/qa/features/SignUp.feature:19)
</pre></div><a href='#' onClick='toggleBox("stack-trace1252333507", this, "Click to show all stack frames", "Click to hide stack frames")'>Click to show all stack frames</a>
<div class='stack-trace' id='stack-trace1252333507'><pre>java.lang.AssertionError: The following asserts failed:
	Signout is not present
	at org.testng.asserts.SoftAssert.assertAll(SoftAssert.java:47)
	at org.testng.asserts.SoftAssert.assertAll(SoftAssert.java:31)
	at com.ecommerce.qa.steps.SignUpSteps.user_try_to_click_on_create_account(SignUpSteps.java:112)
	at ✽.User try to click on create account(file:///C:/Users/karth/eclipse-workspace/RLLFinal6/src/test/java/com/ecommerce/qa/features/SignUp.feature:19)
</pre></div></td>
<td>23</td>
<td>com.ecommerce.qa.runners.TestNGRunner@2cb4893b</td></tr>
<tr>
<td title='com.ecommerce.qa.runners.TestNGRunner.runScenario()'><b>runScenario</b><br>Test class: com.ecommerce.qa.runners.TestNGRunner<br>Test method: Runs Cucumber Scenarios<br>Parameters: "To test the SignUp functionality with Invalid data", "Signup functionality"</td>
<td><div><pre>java.lang.AssertionError: The following asserts failed:
	Signout is not present
	at org.testng.asserts.SoftAssert.assertAll(SoftAssert.java:47)
	at org.testng.asserts.SoftAssert.assertAll(SoftAssert.java:31)
	at com.ecommerce.qa.steps.SignUpSteps.user_try_to_click_on_create_account(SignUpSteps.java:112)
	at ✽.User try to click on create account(file:///C:/Users/karth/eclipse-workspace/RLLFinal6/src/test/java/com/ecommerce/qa/features/SignUp.feature:19)
</pre></div><a href='#' onClick='toggleBox("stack-trace1779202806", this, "Click to show all stack frames", "Click to hide stack frames")'>Click to show all stack frames</a>
<div class='stack-trace' id='stack-trace1779202806'><pre>java.lang.AssertionError: The following asserts failed:
	Signout is not present
	at org.testng.asserts.SoftAssert.assertAll(SoftAssert.java:47)
	at org.testng.asserts.SoftAssert.assertAll(SoftAssert.java:31)
	at com.ecommerce.qa.steps.SignUpSteps.user_try_to_click_on_create_account(SignUpSteps.java:112)
	at ✽.User try to click on create account(file:///C:/Users/karth/eclipse-workspace/RLLFinal6/src/test/java/com/ecommerce/qa/features/SignUp.feature:19)
</pre></div></td>
<td>22</td>
<td>com.ecommerce.qa.runners.TestNGRunner@2cb4893b</td></tr>
<tr>
<td title='com.ecommerce.qa.runners.TestNGRunner.runScenario()'><b>runScenario</b><br>Test class: com.ecommerce.qa.runners.TestNGRunner<br>Test method: Runs Cucumber Scenarios<br>Parameters: "To test the SignUp functionality with valid data", "Signup functionality"</td>
<td><div><pre>java.lang.AssertionError: The following asserts failed:
	Signout is not present
	at org.testng.asserts.SoftAssert.assertAll(SoftAssert.java:47)
	at org.testng.asserts.SoftAssert.assertAll(SoftAssert.java:31)
	at com.ecommerce.qa.steps.SignUpSteps.user_click_on_create_account(SignUpSteps.java:86)
	at ✽.User click on create account(file:///C:/Users/karth/eclipse-workspace/RLLFinal6/src/test/java/com/ecommerce/qa/features/SignUp.feature:11)
</pre></div><a href='#' onClick='toggleBox("stack-trace2103374275", this, "Click to show all stack frames", "Click to hide stack frames")'>Click to show all stack frames</a>
<div class='stack-trace' id='stack-trace2103374275'><pre>java.lang.AssertionError: The following asserts failed:
	Signout is not present
	at org.testng.asserts.SoftAssert.assertAll(SoftAssert.java:47)
	at org.testng.asserts.SoftAssert.assertAll(SoftAssert.java:31)
	at com.ecommerce.qa.steps.SignUpSteps.user_click_on_create_account(SignUpSteps.java:86)
	at ✽.User click on create account(file:///C:/Users/karth/eclipse-workspace/RLLFinal6/src/test/java/com/ecommerce/qa/features/SignUp.feature:11)
</pre></div></td>
<td>30</td>
<td>com.ecommerce.qa.runners.TestNGRunner@2cb4893b</td></tr>
<tr>
<td title='com.ecommerce.qa.runners.TestNGRunner.runScenario()'><b>runScenario</b><br>Test class: com.ecommerce.qa.runners.TestNGRunner<br>Test method: Runs Cucumber Scenarios<br>Parameters: "User submits the Contact Us Form Valid Data", "Contact Functionality"</td>
<td><div><pre>java.lang.AssertionError: Timeout waiting for confirmation message to be visible
	at org.testng.Assert.fail(Assert.java:99)
	at com.ecommerce.qa.pages.ContactUsPage.isConfirmationMessageDisplayed(ContactUsPage.java:63)
	at com.ecommerce.qa.steps.ContactUsTest.userShouldSeeConfirmationMessage(ContactUsTest.java:118)
	at ✽.User should see a confirmation message(file:///C:/Users/karth/eclipse-workspace/RLLFinal6/src/test/java/com/ecommerce/qa/features/contact.feature:7)
</pre></div><a href='#' onClick='toggleBox("stack-trace1610470672", this, "Click to show all stack frames", "Click to hide stack frames")'>Click to show all stack frames</a>
<div class='stack-trace' id='stack-trace1610470672'><pre>java.lang.AssertionError: Timeout waiting for confirmation message to be visible
	at org.testng.Assert.fail(Assert.java:99)
	at com.ecommerce.qa.pages.ContactUsPage.isConfirmationMessageDisplayed(ContactUsPage.java:63)
	at com.ecommerce.qa.steps.ContactUsTest.userShouldSeeConfirmationMessage(ContactUsTest.java:118)
	at ✽.User should see a confirmation message(file:///C:/Users/karth/eclipse-workspace/RLLFinal6/src/test/java/com/ecommerce/qa/features/contact.feature:7)
</pre></div></td>
<td>19</td>
<td>com.ecommerce.qa.runners.TestNGRunner@2cb4893b</td></tr>
</table><p>
<table width='100%' border='1' class='invocation-passed'>
<tr><td colspan='4' align='center'><b>PASSED TESTS</b></td></tr>
<tr><td><b>Test method</b></td>
<td width="30%"><b>Exception</b></td>
<td width="10%"><b>Time (seconds)</b></td>
<td><b>Instance</b></td>
</tr>
<tr>
<td title='com.ecommerce.qa.runners.TestNGRunner.runScenario()'><b>runScenario</b><br>Test class: com.ecommerce.qa.runners.TestNGRunner<br>Test method: Runs Cucumber Scenarios<br>Parameters: "User subscribe with valid email", "Subscribe to Email"</td>
<td></td>
<td>14</td>
<td>com.ecommerce.qa.runners.TestNGRunner@2cb4893b</td></tr>
<tr>
<td title='com.ecommerce.qa.runners.TestNGRunner.runScenario()'><b>runScenario</b><br>Test class: com.ecommerce.qa.runners.TestNGRunner<br>Test method: Runs Cucumber Scenarios<br>Parameters: "user subscribe with Invalid email", "Subscribe to Email"</td>
<td></td>
<td>22</td>
<td>com.ecommerce.qa.runners.TestNGRunner@2cb4893b</td></tr>
<tr>
<td title='com.ecommerce.qa.runners.TestNGRunner.runScenario()'><b>runScenario</b><br>Test class: com.ecommerce.qa.runners.TestNGRunner<br>Test method: Runs Cucumber Scenarios<br>Parameters: "Passed Sign In functionality", "Sign In functionality"</td>
<td></td>
<td>131</td>
<td>com.ecommerce.qa.runners.TestNGRunner@2cb4893b</td></tr>
<tr>
<td title='com.ecommerce.qa.runners.TestNGRunner.runScenario()'><b>runScenario</b><br>Test class: com.ecommerce.qa.runners.TestNGRunner<br>Test method: Runs Cucumber Scenarios<br>Parameters: "E-shop search page Positive testcase", "Search,Filter & Add To Cart Functionality"</td>
<td></td>
<td>50</td>
<td>com.ecommerce.qa.runners.TestNGRunner@2cb4893b</td></tr>
<tr>
<td title='com.ecommerce.qa.runners.TestNGRunner.runScenario()'><b>runScenario</b><br>Test class: com.ecommerce.qa.runners.TestNGRunner<br>Test method: Runs Cucumber Scenarios<br>Parameters: "User submits the Contact Us Form InValid Data", "Contact Functionality"</td>
<td></td>
<td>16</td>
<td>com.ecommerce.qa.runners.TestNGRunner@2cb4893b</td></tr>
<tr>
<td title='com.ecommerce.qa.runners.TestNGRunner.runScenario()'><b>runScenario</b><br>Test class: com.ecommerce.qa.runners.TestNGRunner<br>Test method: Runs Cucumber Scenarios<br>Parameters: "E-shop search page Negative testcase", "Search,Filter & Add To Cart Functionality"</td>
<td></td>
<td>17</td>
<td>com.ecommerce.qa.runners.TestNGRunner@2cb4893b</td></tr>
<tr>
<td title='com.ecommerce.qa.runners.TestNGRunner.runScenario()'><b>runScenario</b><br>Test class: com.ecommerce.qa.runners.TestNGRunner<br>Test method: Runs Cucumber Scenarios<br>Parameters: "Failed Sign In functionality", "Sign In functionality"</td>
<td></td>
<td>93</td>
<td>com.ecommerce.qa.runners.TestNGRunner@2cb4893b</td></tr>
</table><p>
</body>
</html>