<?xml version="1.0" encoding="UTF-8"?>
<testng-results ignored="0" total="11" passed="7" failed="4" skipped="0">
  <reporter-output>
  </reporter-output>
  <suite started-at="2023-12-14T07:56:08 IST" name="Default suite" finished-at="2023-12-14T08:03:38 IST" duration-ms="449911">
    <groups>
      <group name="cucumber">
        <method signature="AbstractTestNGCucumberTests.runScenario(io.cucumber.testng.PickleWrapper,io.cucumber.testng.FeatureWrapper)[pri:0, instance:com.ecommerce.qa.runners.TestNGRunner@2cb4893b]" name="runScenario" class="io.cucumber.testng.AbstractTestNGCucumberTests"/>
      </group> <!-- cucumber -->
    </groups>
    <test started-at="2023-12-14T07:56:08 IST" name="Default test" finished-at="2023-12-14T08:03:38 IST" duration-ms="449911">
      <class name="com.ecommerce.qa.runners.TestNGRunner">
        <test-method is-config="true" signature="setUpClass(org.testng.ITestContext)[pri:0, instance:com.ecommerce.qa.runners.TestNGRunner@2cb4893b]" started-at="2023-12-14T07:56:08 IST" name="setUpClass" finished-at="2023-12-14T07:56:09 IST" duration-ms="1280" status="PASS">
          <params>
            <param index="0">
              <value>
                <![CDATA[org.testng.TestRunner@37e28b20]]>
              </value>
            </param>
          </params>
          <reporter-output>
          </reporter-output>
        </test-method> <!-- setUpClass -->
        <test-method signature="runScenario(io.cucumber.testng.PickleWrapper,io.cucumber.testng.FeatureWrapper)[pri:0, instance:com.ecommerce.qa.runners.TestNGRunner@2cb4893b]" started-at="2023-12-14T07:56:09 IST" name="runScenario" description="Runs Cucumber Scenarios" data-provider="scenarios" finished-at="2023-12-14T07:57:00 IST" duration-ms="50631" status="PASS">
          <params>
            <param index="0">
              <value>
                <![CDATA["E-shop search page Positive testcase"]]>
              </value>
            </param>
            <param index="1">
              <value>
                <![CDATA["Search,Filter & Add To Cart Functionality"]]>
              </value>
            </param>
          </params>
          <reporter-output>
          </reporter-output>
        </test-method> <!-- runScenario -->
        <test-method signature="runScenario(io.cucumber.testng.PickleWrapper,io.cucumber.testng.FeatureWrapper)[pri:0, instance:com.ecommerce.qa.runners.TestNGRunner@2cb4893b]" started-at="2023-12-14T07:57:00 IST" name="runScenario" description="Runs Cucumber Scenarios" data-provider="scenarios" finished-at="2023-12-14T07:57:17 IST" duration-ms="17232" status="PASS">
          <params>
            <param index="0">
              <value>
                <![CDATA["E-shop search page Negative testcase"]]>
              </value>
            </param>
            <param index="1">
              <value>
                <![CDATA["Search,Filter & Add To Cart Functionality"]]>
              </value>
            </param>
          </params>
          <reporter-output>
          </reporter-output>
        </test-method> <!-- runScenario -->
        <test-method signature="runScenario(io.cucumber.testng.PickleWrapper,io.cucumber.testng.FeatureWrapper)[pri:0, instance:com.ecommerce.qa.runners.TestNGRunner@2cb4893b]" started-at="2023-12-14T07:57:17 IST" name="runScenario" description="Runs Cucumber Scenarios" data-provider="scenarios" finished-at="2023-12-14T07:59:29 IST" duration-ms="131797" status="PASS">
          <params>
            <param index="0">
              <value>
                <![CDATA["Passed Sign In functionality"]]>
              </value>
            </param>
            <param index="1">
              <value>
                <![CDATA["Sign In functionality"]]>
              </value>
            </param>
          </params>
          <reporter-output>
          </reporter-output>
        </test-method> <!-- runScenario -->
        <test-method signature="runScenario(io.cucumber.testng.PickleWrapper,io.cucumber.testng.FeatureWrapper)[pri:0, instance:com.ecommerce.qa.runners.TestNGRunner@2cb4893b]" started-at="2023-12-14T07:59:29 IST" name="runScenario" description="Runs Cucumber Scenarios" data-provider="scenarios" finished-at="2023-12-14T08:01:03 IST" duration-ms="93501" status="PASS">
          <params>
            <param index="0">
              <value>
                <![CDATA["Failed Sign In functionality"]]>
              </value>
            </param>
            <param index="1">
              <value>
                <![CDATA["Sign In functionality"]]>
              </value>
            </param>
          </params>
          <reporter-output>
          </reporter-output>
        </test-method> <!-- runScenario -->
        <test-method signature="runScenario(io.cucumber.testng.PickleWrapper,io.cucumber.testng.FeatureWrapper)[pri:0, instance:com.ecommerce.qa.runners.TestNGRunner@2cb4893b]" started-at="2023-12-14T08:01:03 IST" name="runScenario" description="Runs Cucumber Scenarios" data-provider="scenarios" finished-at="2023-12-14T08:01:33 IST" duration-ms="30961" status="FAIL">
          <params>
            <param index="0">
              <value>
                <![CDATA["To test the SignUp functionality with valid data"]]>
              </value>
            </param>
            <param index="1">
              <value>
                <![CDATA["Signup functionality"]]>
              </value>
            </param>
          </params>
          <exception class="java.lang.AssertionError">
            <message>
              <![CDATA[The following asserts failed:
Signout is not present]]>
            </message>
            <full-stacktrace>
              <![CDATA[java.lang.AssertionError: The following asserts failed:
Signout is not present
at org.testng.asserts.SoftAssert.assertAll(SoftAssert.java:47)
at org.testng.asserts.SoftAssert.assertAll(SoftAssert.java:31)
at com.ecommerce.qa.steps.SignUpSteps.user_click_on_create_account(SignUpSteps.java:86)
at ✽.User click on create account(file:///C:/Users/karth/eclipse-workspace/RLLFinal6/src/test/java/com/ecommerce/qa/features/SignUp.feature:11)
]]>
            </full-stacktrace>
          </exception> <!-- java.lang.AssertionError -->
          <reporter-output>
          </reporter-output>
        </test-method> <!-- runScenario -->
        <test-method signature="runScenario(io.cucumber.testng.PickleWrapper,io.cucumber.testng.FeatureWrapper)[pri:0, instance:com.ecommerce.qa.runners.TestNGRunner@2cb4893b]" started-at="2023-12-14T08:01:34 IST" name="runScenario" description="Runs Cucumber Scenarios" data-provider="scenarios" finished-at="2023-12-14T08:01:56 IST" duration-ms="22227" status="FAIL">
          <params>
            <param index="0">
              <value>
                <![CDATA["To test the SignUp functionality with Invalid data"]]>
              </value>
            </param>
            <param index="1">
              <value>
                <![CDATA["Signup functionality"]]>
              </value>
            </param>
          </params>
          <exception class="java.lang.AssertionError">
            <message>
              <![CDATA[The following asserts failed:
Signout is not present]]>
            </message>
            <full-stacktrace>
              <![CDATA[java.lang.AssertionError: The following asserts failed:
Signout is not present
at org.testng.asserts.SoftAssert.assertAll(SoftAssert.java:47)
at org.testng.asserts.SoftAssert.assertAll(SoftAssert.java:31)
at com.ecommerce.qa.steps.SignUpSteps.user_try_to_click_on_create_account(SignUpSteps.java:112)
at ✽.User try to click on create account(file:///C:/Users/karth/eclipse-workspace/RLLFinal6/src/test/java/com/ecommerce/qa/features/SignUp.feature:19)
]]>
            </full-stacktrace>
          </exception> <!-- java.lang.AssertionError -->
          <reporter-output>
          </reporter-output>
        </test-method> <!-- runScenario -->
        <test-method signature="runScenario(io.cucumber.testng.PickleWrapper,io.cucumber.testng.FeatureWrapper)[pri:0, instance:com.ecommerce.qa.runners.TestNGRunner@2cb4893b]" started-at="2023-12-14T08:01:56 IST" name="runScenario" description="Runs Cucumber Scenarios" data-provider="scenarios" finished-at="2023-12-14T08:02:20 IST" duration-ms="23841" status="FAIL">
          <params>
            <param index="0">
              <value>
                <![CDATA["To test the SignUp functionality with Invalid data"]]>
              </value>
            </param>
            <param index="1">
              <value>
                <![CDATA["Signup functionality"]]>
              </value>
            </param>
          </params>
          <exception class="java.lang.AssertionError">
            <message>
              <![CDATA[The following asserts failed:
Signout is not present]]>
            </message>
            <full-stacktrace>
              <![CDATA[java.lang.AssertionError: The following asserts failed:
Signout is not present
at org.testng.asserts.SoftAssert.assertAll(SoftAssert.java:47)
at org.testng.asserts.SoftAssert.assertAll(SoftAssert.java:31)
at com.ecommerce.qa.steps.SignUpSteps.user_try_to_click_on_create_account(SignUpSteps.java:112)
at ✽.User try to click on create account(file:///C:/Users/karth/eclipse-workspace/RLLFinal6/src/test/java/com/ecommerce/qa/features/SignUp.feature:19)
]]>
            </full-stacktrace>
          </exception> <!-- java.lang.AssertionError -->
          <reporter-output>
          </reporter-output>
        </test-method> <!-- runScenario -->
        <test-method signature="runScenario(io.cucumber.testng.PickleWrapper,io.cucumber.testng.FeatureWrapper)[pri:0, instance:com.ecommerce.qa.runners.TestNGRunner@2cb4893b]" started-at="2023-12-14T08:02:20 IST" name="runScenario" description="Runs Cucumber Scenarios" data-provider="scenarios" finished-at="2023-12-14T08:02:34 IST" duration-ms="14525" status="PASS">
          <params>
            <param index="0">
              <value>
                <![CDATA["User subscribe with valid email"]]>
              </value>
            </param>
            <param index="1">
              <value>
                <![CDATA["Subscribe to Email"]]>
              </value>
            </param>
          </params>
          <reporter-output>
          </reporter-output>
        </test-method> <!-- runScenario -->
        <test-method signature="runScenario(io.cucumber.testng.PickleWrapper,io.cucumber.testng.FeatureWrapper)[pri:0, instance:com.ecommerce.qa.runners.TestNGRunner@2cb4893b]" started-at="2023-12-14T08:02:34 IST" name="runScenario" description="Runs Cucumber Scenarios" data-provider="scenarios" finished-at="2023-12-14T08:02:57 IST" duration-ms="22618" status="PASS">
          <params>
            <param index="0">
              <value>
                <![CDATA["user subscribe with Invalid email"]]>
              </value>
            </param>
            <param index="1">
              <value>
                <![CDATA["Subscribe to Email"]]>
              </value>
            </param>
          </params>
          <reporter-output>
          </reporter-output>
        </test-method> <!-- runScenario -->
        <test-method signature="runScenario(io.cucumber.testng.PickleWrapper,io.cucumber.testng.FeatureWrapper)[pri:0, instance:com.ecommerce.qa.runners.TestNGRunner@2cb4893b]" started-at="2023-12-14T08:02:57 IST" name="runScenario" description="Runs Cucumber Scenarios" data-provider="scenarios" finished-at="2023-12-14T08:03:16 IST" duration-ms="19453" status="FAIL">
          <params>
            <param index="0">
              <value>
                <![CDATA["User submits the Contact Us Form Valid Data"]]>
              </value>
            </param>
            <param index="1">
              <value>
                <![CDATA["Contact Functionality"]]>
              </value>
            </param>
          </params>
          <exception class="java.lang.AssertionError">
            <message>
              <![CDATA[Timeout waiting for confirmation message to be visible]]>
            </message>
            <full-stacktrace>
              <![CDATA[java.lang.AssertionError: Timeout waiting for confirmation message to be visible
at org.testng.Assert.fail(Assert.java:99)
at com.ecommerce.qa.pages.ContactUsPage.isConfirmationMessageDisplayed(ContactUsPage.java:63)
at com.ecommerce.qa.steps.ContactUsTest.userShouldSeeConfirmationMessage(ContactUsTest.java:118)
at ✽.User should see a confirmation message(file:///C:/Users/karth/eclipse-workspace/RLLFinal6/src/test/java/com/ecommerce/qa/features/contact.feature:7)
]]>
            </full-stacktrace>
          </exception> <!-- java.lang.AssertionError -->
          <reporter-output>
          </reporter-output>
        </test-method> <!-- runScenario -->
        <test-method signature="runScenario(io.cucumber.testng.PickleWrapper,io.cucumber.testng.FeatureWrapper)[pri:0, instance:com.ecommerce.qa.runners.TestNGRunner@2cb4893b]" started-at="2023-12-14T08:03:16 IST" name="runScenario" description="Runs Cucumber Scenarios" data-provider="scenarios" finished-at="2023-12-14T08:03:32 IST" duration-ms="16213" status="PASS">
          <params>
            <param index="0">
              <value>
                <![CDATA["User submits the Contact Us Form InValid Data"]]>
              </value>
            </param>
            <param index="1">
              <value>
                <![CDATA["Contact Functionality"]]>
              </value>
            </param>
          </params>
          <reporter-output>
          </reporter-output>
        </test-method> <!-- runScenario -->
        <test-method is-config="true" signature="tearDownClass()[pri:0, instance:com.ecommerce.qa.runners.TestNGRunner@2cb4893b]" started-at="2023-12-14T08:03:32 IST" name="tearDownClass" finished-at="2023-12-14T08:03:38 IST" duration-ms="5531" status="PASS">
          <reporter-output>
          </reporter-output>
        </test-method> <!-- tearDownClass -->
      </class> <!-- com.ecommerce.qa.runners.TestNGRunner -->
    </test> <!-- Default test -->
  </suite> <!-- Default suite -->
</testng-results>
